[debug] [2022-03-28T17:07:16.058Z] ----------------------------------------------------------------------
[debug] [2022-03-28T17:07:16.062Z] Command:       C:\Program Files\nodejs\node.exe C:\Users\14698\AppData\Roaming\npm\node_modules\firebase-tools\lib\bin\firebase.js emulators:start
[debug] [2022-03-28T17:07:16.064Z] CLI Version:   10.5.0
[debug] [2022-03-28T17:07:16.066Z] Platform:      win32
[debug] [2022-03-28T17:07:16.066Z] Node Version:  v16.13.2
[debug] [2022-03-28T17:07:16.071Z] Time:          Mon Mar 28 2022 12:07:16 GMT-0500 (Central Daylight Time)
[debug] [2022-03-28T17:07:16.072Z] ----------------------------------------------------------------------
[debug] 
[debug] [2022-03-28T17:07:16.078Z] >>> [apiv2][query] GET https://firebase-public.firebaseio.com/cli.json [none]
[debug] [2022-03-28T17:07:16.234Z] > command requires scopes: ["email","openid","https://www.googleapis.com/auth/cloudplatformprojects.readonly","https://www.googleapis.com/auth/firebase","https://www.googleapis.com/auth/cloud-platform"]
[debug] [2022-03-28T17:07:16.234Z] > authorizing via signed-in user (gezugobu17@gmail.com)
[info] i  emulators: Starting emulators: functions, hosting {"metadata":{"emulator":{"name":"hub"},"message":"Starting emulators: functions, hosting"}}
[debug] [2022-03-28T17:07:16.269Z] [hub] writing locator at C:\Users\14698\AppData\Local\Temp\hub-clone-front-end-ea256.json
[debug] [2022-03-28T17:07:16.446Z] <<< [apiv2][status] GET https://firebase-public.firebaseio.com/cli.json 200
[debug] [2022-03-28T17:07:16.447Z] <<< [apiv2][body] GET https://firebase-public.firebaseio.com/cli.json {"cloudBuildErrorAfter":1594252800000,"cloudBuildWarnAfter":1590019200000,"defaultNode10After":1594252800000,"minVersion":"3.0.5","node8DeploysDisabledAfter":1613390400000,"node8RuntimeDisabledAfter":1615809600000,"node8WarnAfter":1600128000000}
[warn] !  functions: The following emulators are not running, calls to these services from the Functions emulator will affect production: auth, firestore, database, pubsub, storage {"metadata":{"emulator":{"name":"functions"},"message":"The following emulators are not running, calls to these services from the Functions emulator will affect production: \u001b[1mauth, firestore, database, pubsub, storage\u001b[22m"}}
[info] +  functions: Using node@16 from host. {"metadata":{"emulator":{"name":"functions"},"message":"Using node@16 from host."}}
[debug] [2022-03-28T17:07:16.578Z] defaultcredentials: writing to file C:\Users\14698\AppData\Roaming\firebase\gezugobu17_gmail_com_application_default_credentials.json
[debug] [2022-03-28T17:07:16.587Z] Setting GAC to C:\Users\14698\AppData\Roaming\firebase\gezugobu17_gmail_com_application_default_credentials.json {"metadata":{"emulator":{"name":"functions"},"message":"Setting GAC to C:\\Users\\14698\\AppData\\Roaming\\firebase\\gezugobu17_gmail_com_application_default_credentials.json"}}
[debug] [2022-03-28T17:07:16.590Z] > refreshing access token with scopes: []
[debug] [2022-03-28T17:07:16.592Z] >>> HTTP REQUEST POST https://www.googleapis.com/oauth2/v3/token  
 <request body omitted>
[debug] [2022-03-28T17:07:16.772Z] <<< HTTP RESPONSE 200 {"expires":"Mon, 01 Jan 1990 00:00:00 GMT","date":"Mon, 28 Mar 2022 17:07:17 GMT","cache-control":"no-cache, no-store, max-age=0, must-revalidate","pragma":"no-cache","content-type":"application/json; charset=utf-8","vary":"X-Origin, Referer, Origin,Accept-Encoding","server":"scaffolding on HTTPServer2","x-xss-protection":"0","x-frame-options":"SAMEORIGIN","x-content-type-options":"nosniff","alt-svc":"h3=\":443\"; ma=2592000,h3-29=\":443\"; ma=2592000,h3-Q050=\":443\"; ma=2592000,h3-Q046=\":443\"; ma=2592000,h3-Q043=\":443\"; ma=2592000,quic=\":443\"; ma=2592000; v=\"46,43\"","accept-ranges":"none","transfer-encoding":"chunked"}
[debug] [2022-03-28T17:07:16.799Z] >>> [apiv2][query] GET https://firebase.googleapis.com/v1beta1/projects/clone-front-end-ea256/adminSdkConfig [none]
[debug] [2022-03-28T17:07:17.073Z] <<< [apiv2][status] GET https://firebase.googleapis.com/v1beta1/projects/clone-front-end-ea256/adminSdkConfig 200
[debug] [2022-03-28T17:07:17.073Z] <<< [apiv2][body] GET https://firebase.googleapis.com/v1beta1/projects/clone-front-end-ea256/adminSdkConfig {"projectId":"clone-front-end-ea256","storageBucket":"clone-front-end-ea256.appspot.com","locationId":"us-central"}
[debug] [2022-03-28T17:07:17.097Z] >>> [apiv2][query] GET https://firebasehosting.googleapis.com/v1beta1/projects/clone-front-end-ea256/sites 
[debug] [2022-03-28T17:07:17.541Z] <<< [apiv2][status] GET https://firebasehosting.googleapis.com/v1beta1/projects/clone-front-end-ea256/sites 200
[debug] [2022-03-28T17:07:17.541Z] <<< [apiv2][body] GET https://firebasehosting.googleapis.com/v1beta1/projects/clone-front-end-ea256/sites {"sites":[{"name":"projects/626078399321/sites/clone-front-end-ea256","defaultUrl":"https://clone-front-end-ea256.web.app","appId":"1:626078399321:web:20212903a7ceb66936aa48","type":"DEFAULT_SITE"}]}
[debug] [2022-03-28T17:07:17.542Z] >>> [apiv2][query] GET https://firebase.googleapis.com/v1beta1/projects/clone-front-end-ea256/webApps/1:626078399321:web:20212903a7ceb66936aa48/config [none]
[debug] [2022-03-28T17:07:17.885Z] <<< [apiv2][status] GET https://firebase.googleapis.com/v1beta1/projects/clone-front-end-ea256/webApps/1:626078399321:web:20212903a7ceb66936aa48/config 200
[debug] [2022-03-28T17:07:17.886Z] <<< [apiv2][body] GET https://firebase.googleapis.com/v1beta1/projects/clone-front-end-ea256/webApps/1:626078399321:web:20212903a7ceb66936aa48/config {"projectId":"clone-front-end-ea256","appId":"1:626078399321:web:20212903a7ceb66936aa48","storageBucket":"clone-front-end-ea256.appspot.com","locationId":"us-central","apiKey":"AIzaSyD5L98GtfXzRVLEkgMLq3ECVKld58fyDvM","authDomain":"clone-front-end-ea256.firebaseapp.com","messagingSenderId":"626078399321","measurementId":"G-07PKV9W3L6"}
[info] i  hosting: Serving hosting files from: build {"metadata":{"emulator":{"name":"hosting"},"message":"Serving hosting files from: \u001b[1mbuild\u001b[22m"}}
[info] +  hosting: Local server: http://localhost:5000 {"metadata":{"emulator":{"name":"hosting"},"message":"Local server: \u001b[4m\u001b[1mhttp://localhost:5000\u001b[22m\u001b[24m"}}
[debug] [2022-03-28T17:07:17.972Z] Ignoring unsupported arg: auto_download {"metadata":{"emulator":{"name":"ui"},"message":"Ignoring unsupported arg: auto_download"}}
[debug] [2022-03-28T17:07:17.972Z] Ignoring unsupported arg: port {"metadata":{"emulator":{"name":"ui"},"message":"Ignoring unsupported arg: port"}}
[debug] [2022-03-28T17:07:17.973Z] Starting Emulator UI with command {"binary":"node","args":["C:\\Users\\14698\\.cache\\firebase\\emulators\\ui-v1.6.5\\server.bundle.js"],"optionalArgs":[],"joinArgs":false} {"metadata":{"emulator":{"name":"ui"},"message":"Starting Emulator UI with command {\"binary\":\"node\",\"args\":[\"C:\\\\Users\\\\14698\\\\.cache\\\\firebase\\\\emulators\\\\ui-v1.6.5\\\\server.bundle.js\"],\"optionalArgs\":[],\"joinArgs\":false}"}}
[info] i  ui: Emulator UI logging to ui-debug.log {"metadata":{"emulator":{"name":"ui"},"message":"Emulator UI logging to \u001b[1mui-debug.log\u001b[22m"}}
[debug] [2022-03-28T17:07:18.284Z] Web / API server started at localhost:4000
 {"metadata":{"emulator":{"name":"ui"},"message":"Web / API server started at localhost:4000\n"}}
[info] i  functions: Watching "C:\Users\14698\OneDrive\Desktop\Evangadi-Ph3\My1stFrontEndAmazonProject\amazon-clone-front-end\functions" for Cloud Functions... {"metadata":{"emulator":{"name":"functions"},"message":"Watching \"C:\\Users\\14698\\OneDrive\\Desktop\\Evangadi-Ph3\\My1stFrontEndAmazonProject\\amazon-clone-front-end\\functions\" for Cloud Functions..."}}
[debug] [2022-03-28T17:07:18.539Z] Validating nodejs source
[debug] [2022-03-28T17:07:23.968Z] > [functions] package.json contents: {
  "name": "functions",
  "description": "Cloud Functions for Firebase",
  "scripts": {
    "lint": "eslint .",
    "serve": "firebase emulators:start --only functions",
    "shell": "firebase functions:shell",
    "start": "npm run shell",
    "deploy": "firebase deploy --only functions",
    "logs": "firebase functions:log"
  },
  "engines": {
    "node": "16"
  },
  "main": "index.js",
  "dependencies": {
    "cors": "^2.8.5",
    "express": "^4.17.3",
    "firebase-admin": "^10.0.2",
    "firebase-functions": "^3.18.0",
    "stripe": "^8.211.0"
  },
  "devDependencies": {
    "eslint": "^8.9.0",
    "eslint-config-google": "^0.14.0",
    "firebase-functions-test": "^0.2.0"
  },
  "private": true
}
[debug] [2022-03-28T17:07:23.969Z] Building nodejs source
[debug] [2022-03-28T17:07:23.970Z] Analyzing nodejs backend spec
[info] +  functions[us-central1-api]: http function initialized (http://localhost:5001/clone-front-end-ea256/us-central1/api). {"metadata":{"emulator":{"name":"functions"},"message":"\u001b[1mhttp\u001b[22m function initialized (http://localhost:5001/clone-front-end-ea256/us-central1/api)."}}
[info] 
┌─────────────────────────────────────────────────────────────┐
│ ✔  All emulators ready! It is now safe to connect your app. │
│ i  View Emulator UI at http://localhost:4000                │
└─────────────────────────────────────────────────────────────┘

┌───────────┬────────────────┬─────────────────────────────────┐
│ Emulator  │ Host:Port      │ View in Emulator UI             │
├───────────┼────────────────┼─────────────────────────────────┤
│ Functions │ localhost:5001 │ http://localhost:4000/functions │
├───────────┼────────────────┼─────────────────────────────────┤
│ Hosting   │ localhost:5000 │ n/a                             │
└───────────┴────────────────┴─────────────────────────────────┘
  Emulator Hub running at localhost:4400
  Other reserved ports: 4500

Issues? Report them at https://github.com/firebase/firebase-tools/issues and attach the *-debug.log files.
 
[debug] [2022-03-28T17:07:36.636Z] [work-queue] {"queueLength":1,"workRunningCount":0}
[debug] [2022-03-28T17:07:36.636Z] [work-queue] {"queueLength":0,"workRunningCount":1}
[debug] [2022-03-28T17:07:36.637Z] Accepted request GET /clone-front-end-ea256/us-central1/api --> us-central1-api
[debug] [2022-03-28T17:07:36.668Z] [worker-pool] addWorker(us-central1-api) {"metadata":{"emulator":{"name":"functions"},"message":"[worker-pool] addWorker(us-central1-api)"}}
[debug] [2022-03-28T17:07:36.669Z] [worker-pool] Adding worker with key us-central1-api, total=1 {"metadata":{"emulator":{"name":"functions"},"message":"[worker-pool] Adding worker with key us-central1-api, total=1"}}
[debug] [2022-03-28T17:07:36.669Z] [worker-pool] submitWork(triggerId=us-central1-api) {"metadata":{"emulator":{"name":"functions"},"message":"[worker-pool] submitWork(triggerId=us-central1-api)"}}
[debug] [2022-03-28T17:07:36.670Z] [worker-us-central1-api-b7dd66ec-c93d-46cc-a606-fb498b1ab9bf]: Assigning socketPath: \\?\pipe\C:\Users\14698\OneDrive\Desktop\Evangadi-Ph3\My1stFrontEndAmazonProject\amazon-clone-front-end\functions\20312 {"metadata":{"emulator":{"name":"functions"},"message":"[worker-us-central1-api-b7dd66ec-c93d-46cc-a606-fb498b1ab9bf]: Assigning socketPath: \\\\?\\pipe\\C:\\Users\\14698\\OneDrive\\Desktop\\Evangadi-Ph3\\My1stFrontEndAmazonProject\\amazon-clone-front-end\\functions\\20312"}}
[debug] [2022-03-28T17:07:36.672Z] [worker-us-central1-api-b7dd66ec-c93d-46cc-a606-fb498b1ab9bf]: BUSY {"metadata":{"emulator":{"name":"functions"},"message":"[worker-us-central1-api-b7dd66ec-c93d-46cc-a606-fb498b1ab9bf]: BUSY"}}
[debug] [2022-03-28T17:07:39.454Z] [runtime-status] [20312] Functions runtime initialized. {"cwd":"C:\\Users\\14698\\OneDrive\\Desktop\\Evangadi-Ph3\\My1stFrontEndAmazonProject\\amazon-clone-front-end\\functions","node_version":"16.13.2"} {"metadata":{"emulator":{"name":"functions"},"function":{"name":"us-central1-api"},"extension":{},"message":"[runtime-status] [20312] Functions runtime initialized. {\"cwd\":\"C:\\\\Users\\\\14698\\\\OneDrive\\\\Desktop\\\\Evangadi-Ph3\\\\My1stFrontEndAmazonProject\\\\amazon-clone-front-end\\\\functions\",\"node_version\":\"16.13.2\"}"}}
[debug] [2022-03-28T17:07:39.456Z] [runtime-status] [20312] Disabled runtime features: undefined {"metadata":{"emulator":{"name":"functions"},"function":{"name":"us-central1-api"},"extension":{},"message":"[runtime-status] [20312] Disabled runtime features: undefined"}}
[debug] [2022-03-28T17:07:39.460Z] [runtime-status] [20312] Resolved module firebase-admin {"declared":true,"installed":true,"version":"10.0.2","resolution":"C:\\Users\\14698\\OneDrive\\Desktop\\Evangadi-Ph3\\My1stFrontEndAmazonProject\\amazon-clone-front-end\\functions\\node_modules\\firebase-admin\\lib\\index.js"} {"metadata":{"emulator":{"name":"functions"},"function":{"name":"us-central1-api"},"extension":{},"message":"[runtime-status] [20312] Resolved module firebase-admin {\"declared\":true,\"installed\":true,\"version\":\"10.0.2\",\"resolution\":\"C:\\\\Users\\\\14698\\\\OneDrive\\\\Desktop\\\\Evangadi-Ph3\\\\My1stFrontEndAmazonProject\\\\amazon-clone-front-end\\\\functions\\\\node_modules\\\\firebase-admin\\\\lib\\\\index.js\"}"}}
[debug] [2022-03-28T17:07:39.462Z] [runtime-status] [20312] Resolved module firebase-functions {"declared":true,"installed":true,"version":"3.19.0","resolution":"C:\\Users\\14698\\OneDrive\\Desktop\\Evangadi-Ph3\\My1stFrontEndAmazonProject\\amazon-clone-front-end\\functions\\node_modules\\firebase-functions\\lib\\index.js"} {"metadata":{"emulator":{"name":"functions"},"function":{"name":"us-central1-api"},"extension":{},"message":"[runtime-status] [20312] Resolved module firebase-functions {\"declared\":true,\"installed\":true,\"version\":\"3.19.0\",\"resolution\":\"C:\\\\Users\\\\14698\\\\OneDrive\\\\Desktop\\\\Evangadi-Ph3\\\\My1stFrontEndAmazonProject\\\\amazon-clone-front-end\\\\functions\\\\node_modules\\\\firebase-functions\\\\lib\\\\index.js\"}"}}
[debug] [2022-03-28T17:07:39.463Z] [runtime-status] [20312] Outgoing network have been stubbed. [{"name":"http","status":"mocked"},{"name":"http","status":"mocked"},{"name":"https","status":"mocked"},{"name":"https","status":"mocked"},{"name":"net","status":"mocked"}] {"metadata":{"emulator":{"name":"functions"},"function":{"name":"us-central1-api"},"extension":{},"message":"[runtime-status] [20312] Outgoing network have been stubbed. [{\"name\":\"http\",\"status\":\"mocked\"},{\"name\":\"http\",\"status\":\"mocked\"},{\"name\":\"https\",\"status\":\"mocked\"},{\"name\":\"https\",\"status\":\"mocked\"},{\"name\":\"net\",\"status\":\"mocked\"}]"}}
[debug] [2022-03-28T17:07:39.464Z] [runtime-status] [20312] Resolved module firebase-functions {"declared":true,"installed":true,"version":"3.19.0","resolution":"C:\\Users\\14698\\OneDrive\\Desktop\\Evangadi-Ph3\\My1stFrontEndAmazonProject\\amazon-clone-front-end\\functions\\node_modules\\firebase-functions\\lib\\index.js"} {"metadata":{"emulator":{"name":"functions"},"function":{"name":"us-central1-api"},"extension":{},"message":"[runtime-status] [20312] Resolved module firebase-functions {\"declared\":true,\"installed\":true,\"version\":\"3.19.0\",\"resolution\":\"C:\\\\Users\\\\14698\\\\OneDrive\\\\Desktop\\\\Evangadi-Ph3\\\\My1stFrontEndAmazonProject\\\\amazon-clone-front-end\\\\functions\\\\node_modules\\\\firebase-functions\\\\lib\\\\index.js\"}"}}
[debug] [2022-03-28T17:07:39.544Z] [runtime-status] [20312] Checked functions.config() {"config":{}} {"metadata":{"emulator":{"name":"functions"},"function":{"name":"us-central1-api"},"extension":{},"message":"[runtime-status] [20312] Checked functions.config() {\"config\":{}}"}}
[debug] [2022-03-28T17:07:39.545Z] [runtime-status] [20312] firebase-functions has been stubbed. {"functionsResolution":{"declared":true,"installed":true,"version":"3.19.0","resolution":"C:\\Users\\14698\\OneDrive\\Desktop\\Evangadi-Ph3\\My1stFrontEndAmazonProject\\amazon-clone-front-end\\functions\\node_modules\\firebase-functions\\lib\\index.js"}} {"metadata":{"emulator":{"name":"functions"},"function":{"name":"us-central1-api"},"extension":{},"message":"[runtime-status] [20312] firebase-functions has been stubbed. {\"functionsResolution\":{\"declared\":true,\"installed\":true,\"version\":\"3.19.0\",\"resolution\":\"C:\\\\Users\\\\14698\\\\OneDrive\\\\Desktop\\\\Evangadi-Ph3\\\\My1stFrontEndAmazonProject\\\\amazon-clone-front-end\\\\functions\\\\node_modules\\\\firebase-functions\\\\lib\\\\index.js\"}}"}}
[debug] [2022-03-28T17:07:39.546Z] [runtime-status] [20312] Resolved module firebase-functions {"declared":true,"installed":true,"version":"3.19.0","resolution":"C:\\Users\\14698\\OneDrive\\Desktop\\Evangadi-Ph3\\My1stFrontEndAmazonProject\\amazon-clone-front-end\\functions\\node_modules\\firebase-functions\\lib\\index.js"} {"metadata":{"emulator":{"name":"functions"},"function":{"name":"us-central1-api"},"extension":{},"message":"[runtime-status] [20312] Resolved module firebase-functions {\"declared\":true,\"installed\":true,\"version\":\"3.19.0\",\"resolution\":\"C:\\\\Users\\\\14698\\\\OneDrive\\\\Desktop\\\\Evangadi-Ph3\\\\My1stFrontEndAmazonProject\\\\amazon-clone-front-end\\\\functions\\\\node_modules\\\\firebase-functions\\\\lib\\\\index.js\"}"}}
[debug] [2022-03-28T17:07:39.549Z] [runtime-status] [20312] Resolved module firebase-admin {"declared":true,"installed":true,"version":"10.0.2","resolution":"C:\\Users\\14698\\OneDrive\\Desktop\\Evangadi-Ph3\\My1stFrontEndAmazonProject\\amazon-clone-front-end\\functions\\node_modules\\firebase-admin\\lib\\index.js"} {"metadata":{"emulator":{"name":"functions"},"function":{"name":"us-central1-api"},"extension":{},"message":"[runtime-status] [20312] Resolved module firebase-admin {\"declared\":true,\"installed\":true,\"version\":\"10.0.2\",\"resolution\":\"C:\\\\Users\\\\14698\\\\OneDrive\\\\Desktop\\\\Evangadi-Ph3\\\\My1stFrontEndAmazonProject\\\\amazon-clone-front-end\\\\functions\\\\node_modules\\\\firebase-admin\\\\lib\\\\index.js\"}"}}
[debug] [2022-03-28T17:07:39.550Z] [runtime-status] [20312] Resolved module firebase-functions {"declared":true,"installed":true,"version":"3.19.0","resolution":"C:\\Users\\14698\\OneDrive\\Desktop\\Evangadi-Ph3\\My1stFrontEndAmazonProject\\amazon-clone-front-end\\functions\\node_modules\\firebase-functions\\lib\\index.js"} {"metadata":{"emulator":{"name":"functions"},"function":{"name":"us-central1-api"},"extension":{},"message":"[runtime-status] [20312] Resolved module firebase-functions {\"declared\":true,\"installed\":true,\"version\":\"3.19.0\",\"resolution\":\"C:\\\\Users\\\\14698\\\\OneDrive\\\\Desktop\\\\Evangadi-Ph3\\\\My1stFrontEndAmazonProject\\\\amazon-clone-front-end\\\\functions\\\\node_modules\\\\firebase-functions\\\\lib\\\\index.js\"}"}}
[debug] [2022-03-28T17:07:39.551Z] [runtime-status] [20312] firebase-admin has been stubbed. {"adminResolution":{"declared":true,"installed":true,"version":"10.0.2","resolution":"C:\\Users\\14698\\OneDrive\\Desktop\\Evangadi-Ph3\\My1stFrontEndAmazonProject\\amazon-clone-front-end\\functions\\node_modules\\firebase-admin\\lib\\index.js"}} {"metadata":{"emulator":{"name":"functions"},"function":{"name":"us-central1-api"},"extension":{},"message":"[runtime-status] [20312] firebase-admin has been stubbed. {\"adminResolution\":{\"declared\":true,\"installed\":true,\"version\":\"10.0.2\",\"resolution\":\"C:\\\\Users\\\\14698\\\\OneDrive\\\\Desktop\\\\Evangadi-Ph3\\\\My1stFrontEndAmazonProject\\\\amazon-clone-front-end\\\\functions\\\\node_modules\\\\firebase-admin\\\\lib\\\\index.js\"}}"}}
[debug] [2022-03-28T17:07:39.846Z] [runtime-status] [20312] Beginning invocation function api! {"metadata":{"emulator":{"name":"functions"},"function":{"name":"us-central1-api"},"extension":{},"message":"[runtime-status] [20312] Beginning invocation function api!"}}
[info] i  functions: Beginning execution of "api" {"metadata":{"emulator":{"name":"functions"},"function":{"name":"us-central1-api"},"extension":{},"message":"Beginning execution of \"api\""}}
[debug] [2022-03-28T17:07:39.848Z] [runtime-status] [20312] Running api in signature http {"metadata":{"emulator":{"name":"functions"},"function":{"name":"us-central1-api"},"extension":{},"message":"[runtime-status] [20312] Running api in signature http"}}
[debug] [2022-03-28T17:07:39.855Z] [runtime-status] [20312] Attempting to listen to socketPath: \\?\pipe\C:\Users\14698\OneDrive\Desktop\Evangadi-Ph3\My1stFrontEndAmazonProject\amazon-clone-front-end\functions\20312 {"metadata":{"emulator":{"name":"functions"},"function":{"name":"us-central1-api"},"extension":{},"message":"[runtime-status] [20312] Attempting to listen to socketPath: \\\\?\\pipe\\C:\\Users\\14698\\OneDrive\\Desktop\\Evangadi-Ph3\\My1stFrontEndAmazonProject\\amazon-clone-front-end\\functions\\20312"}}
[debug] [2022-03-28T17:07:39.862Z] [functions] Runtime ready! Sending request! {"metadata":{"emulator":{"name":"functions"},"message":"[functions] Runtime ready! Sending request!"}}
[debug] [2022-03-28T17:07:39.863Z] [functions] Got req.url=/clone-front-end-ea256/us-central1/api, mapping to path=/ {"metadata":{"emulator":{"name":"functions"},"message":"[functions] Got req.url=/clone-front-end-ea256/us-central1/api, mapping to path=/"}}
[debug] [2022-03-28T17:07:39.876Z] [runtime-status] [20312] Ephemeral server handling GET request {"metadata":{"emulator":{"name":"functions"},"function":{"name":"us-central1-api"},"extension":{},"message":"[runtime-status] [20312] Ephemeral server handling GET request"}}
[debug] [2022-03-28T17:07:39.890Z] [runtime-status] [20312] Ephemeral server survived. {"metadata":{"emulator":{"name":"functions"},"function":{"name":"us-central1-api"},"extension":{},"message":"[runtime-status] [20312] Ephemeral server survived."}}
[info] i  functions: Finished "api" in ~1s {"metadata":{"emulator":{"name":"functions"},"function":{"name":"us-central1-api"},"extension":{},"message":"Finished \"api\" in ~1s"}}
[debug] [2022-03-28T17:07:39.895Z] [worker-us-central1-api-b7dd66ec-c93d-46cc-a606-fb498b1ab9bf]: IDLE {"metadata":{"emulator":{"name":"functions"},"message":"[worker-us-central1-api-b7dd66ec-c93d-46cc-a606-fb498b1ab9bf]: IDLE"}}
[debug] [2022-03-28T17:07:39.896Z] [work-queue] {"queueLength":0,"workRunningCount":0}
[debug] [2022-03-28T17:07:40.065Z] Functions emulator received unknown request at path /favicon.ico
